[debug] [2025-10-02T19:20:56.354Z] ----------------------------------------------------------------------
[debug] [2025-10-02T19:20:56.355Z] Command:       /Users/kabutokoji/.volta/tools/image/node/20.11.1/bin/node /Users/kabutokoji/.volta/tools/image/packages/firebase-tools/bin/firebase init hosting
[debug] [2025-10-02T19:20:56.355Z] CLI Version:   14.17.0
[debug] [2025-10-02T19:20:56.356Z] Platform:      darwin
[debug] [2025-10-02T19:20:56.356Z] Node Version:  v20.11.1
[debug] [2025-10-02T19:20:56.356Z] Time:          Fri Oct 03 2025 04:20:56 GMT+0900 (日本標準時)
[debug] [2025-10-02T19:20:56.356Z] ----------------------------------------------------------------------
[debug] 
[debug] [2025-10-02T19:20:56.458Z] > command requires scopes: ["email","openid","https://www.googleapis.com/auth/cloudplatformprojects.readonly","https://www.googleapis.com/auth/firebase","https://www.googleapis.com/auth/cloud-platform"]
[debug] [2025-10-02T19:20:56.459Z] > authorizing via signed-in user (kabuto0805bp@gmail.com)
[info] 
     ######## #### ########  ######## ########     ###     ######  ########
     ##        ##  ##     ## ##       ##     ##  ##   ##  ##       ##
     ######    ##  ########  ######   ########  #########  ######  ######
     ##        ##  ##    ##  ##       ##     ## ##     ##       ## ##
     ##       #### ##     ## ######## ########  ##     ##  ######  ########

You're about to initialize a Firebase project in this directory:

  /Users/kabutokoji/Desktop/workspace/hobby/kimura_app

Before we get started, keep in mind:

  * You are initializing within an existing Firebase project directory

[info] 
=== Project Setup
[info] 
[info] First, let's associate this project directory with a Firebase project.
[info] You can create multiple project aliases by running firebase use --add, 
[info] but for now we'll just set up a default project.
[info] 
[debug] [2025-10-02T19:20:56.460Z] Using project from CLI flag: kimura-284c4
[debug] [2025-10-02T19:20:56.461Z] Checked if tokens are valid: true, expires at: 1759435036210
[debug] [2025-10-02T19:20:56.461Z] Checked if tokens are valid: true, expires at: 1759435036210
[debug] [2025-10-02T19:20:56.461Z] >>> [apiv2][query] GET https://firebase.googleapis.com/v1beta1/projects/kimura-284c4 [none]
[debug] [2025-10-02T19:20:56.931Z] <<< [apiv2][status] GET https://firebase.googleapis.com/v1beta1/projects/kimura-284c4 200
[debug] [2025-10-02T19:20:56.931Z] <<< [apiv2][body] GET https://firebase.googleapis.com/v1beta1/projects/kimura-284c4 {"projectId":"kimura-284c4","projectNumber":"218024959781","displayName":"kimura","name":"projects/kimura-284c4","resources":{"hostingSite":"kimura-284c4"},"state":"ACTIVE","etag":"1_4037c20d-f2a3-4d48-8f41-ca4fe458e895"}
[info] i  Using project kimura-284c4 (kimura) 
[info] 
=== Hosting Setup
[debug] [2025-10-02T19:20:57.065Z] Checked if tokens are valid: true, expires at: 1759435036210
[debug] [2025-10-02T19:20:57.065Z] Checked if tokens are valid: true, expires at: 1759435036210
[debug] [2025-10-02T19:20:57.065Z] >>> [apiv2][query] GET https://firebase.googleapis.com/v1beta1/projects/kimura-284c4 [none]
[debug] [2025-10-02T19:20:57.332Z] <<< [apiv2][status] GET https://firebase.googleapis.com/v1beta1/projects/kimura-284c4 200
[debug] [2025-10-02T19:20:57.333Z] <<< [apiv2][body] GET https://firebase.googleapis.com/v1beta1/projects/kimura-284c4 {"projectId":"kimura-284c4","projectNumber":"218024959781","displayName":"kimura","name":"projects/kimura-284c4","resources":{"hostingSite":"kimura-284c4"},"state":"ACTIVE","etag":"1_4037c20d-f2a3-4d48-8f41-ca4fe458e895"}
[info] 
[info] Your public directory is the folder (relative to your project directory) that
[info] will contain Hosting assets to be uploaded with firebase deploy. If you
[info] have a build process for your assets, use your build's output directory.
[info] 
[debug] [2025-10-02T19:21:23.030Z] >>> [apiv2][query] GET https://www.gstatic.com/firebasejs/releases.json [none]
[debug] [2025-10-02T19:21:23.162Z] <<< [apiv2][status] GET https://www.gstatic.com/firebasejs/releases.json 200
[debug] [2025-10-02T19:21:23.162Z] <<< [apiv2][body] GET https://www.gstatic.com/firebasejs/releases.json {"current":{"version":"12.3.0","browserURL":"https://www.gstatic.com/firebasejs/12.3.0/firebase.js","packageURL":"https://www.gstatic.com/firebasejs/12.3.0/firebase.tgz"},"live":{"version":"12.3","browserURL":"https://www.gstatic.com/firebasejs/live/12.3/firebase.js","packageURL":"https://www.gstatic.com/firebasejs/live/12.3/firebase.tgz"},"components":{"ai":"https://www.gstatic.com/firebasejs/12.3.0/firebase-ai.js","analytics":"https://www.gstatic.com/firebasejs/12.3.0/firebase-analytics.js","app":"https://www.gstatic.com/firebasejs/12.3.0/firebase-app.js","app-check":"https://www.gstatic.com/firebasejs/12.3.0/firebase-app-check.js","auth":"https://www.gstatic.com/firebasejs/12.3.0/firebase-auth.js","auth/cordova":"https://www.gstatic.com/firebasejs/12.3.0/firebase-auth/cordova.js","auth/web-extension":"https://www.gstatic.com/firebasejs/12.3.0/firebase-auth/web-extension.js","functions":"https://www.gstatic.com/firebasejs/12.3.0/firebase-functions.js","firestore":"https://www.gstatic.com/firebasejs/12.3.0/firebase-firestore.js","firestore/lite":"https://www.gstatic.com/firebasejs/12.3.0/firebase-firestore/lite.js","installations":"https://www.gstatic.com/firebasejs/12.3.0/firebase-installations.js","storage":"https://www.gstatic.com/firebasejs/12.3.0/firebase-storage.js","performance":"https://www.gstatic.com/firebasejs/12.3.0/firebase-performance.js","remote-config":"https://www.gstatic.com/firebasejs/12.3.0/firebase-remote-config.js","messaging":"https://www.gstatic.com/firebasejs/12.3.0/firebase-messaging.js","messaging/sw":"https://www.gstatic.com/firebasejs/12.3.0/firebase-messaging/sw.js","database":"https://www.gstatic.com/firebasejs/12.3.0/firebase-database.js","data-connect":"https://www.gstatic.com/firebasejs/12.3.0/firebase-data-connect.js","firestore.memory":"https://www.gstatic.com/firebasejs/12.3.0/firebase-firestore.memory.js"}}
[info] ✔  Wrote public/index.html 
[info] 
[info] i  Detected a .git folder at /Users/kabutokoji/Desktop/workspace/hobby/kimura_app 
[info] i  Authorizing with GitHub to upload your service account to a GitHub repository's secrets store. 
[info] 
[info] Visit this URL on this device to log in:
[info] https://github.com/login/oauth/authorize?client_id=89cf50f02ac6aaed3484&state=118200044&redirect_uri=http%3A%2F%2Flocalhost%3A9005&scope=read%3Auser%20repo%20public_repo
[info] 
[info] Waiting for authentication...
[debug] [2025-10-02T19:21:56.445Z] >>> [apiv2][query] POST https://github.com/login/oauth/access_token [none]
[debug] [2025-10-02T19:21:56.449Z] >>> [apiv2][body] POST https://github.com/login/oauth/access_token [stream]
[debug] [2025-10-02T19:21:56.770Z] <<< [apiv2][status] POST https://github.com/login/oauth/access_token 200
[debug] [2025-10-02T19:21:56.770Z] <<< [apiv2][body] POST https://github.com/login/oauth/access_token {"access_token":"[REDACTED]","token_type":"bearer","scope":"read:user,repo"}
[debug] [2025-10-02T19:21:56.778Z] >>> [apiv2][query] GET https://api.github.com/user [none]
[debug] [2025-10-02T19:21:57.113Z] <<< [apiv2][status] GET https://api.github.com/user 200
[debug] [2025-10-02T19:21:57.113Z] <<< [apiv2][body] GET https://api.github.com/user {"login":"kabuto-k-aiit","id":214221093,"node_id":"U_kgDODMTBJQ","avatar_url":"https://avatars.githubusercontent.com/u/214221093?v=4","gravatar_id":"","url":"https://api.github.com/users/kabuto-k-aiit","html_url":"https://github.com/kabuto-k-aiit","followers_url":"https://api.github.com/users/kabuto-k-aiit/followers","following_url":"https://api.github.com/users/kabuto-k-aiit/following{/other_user}","gists_url":"https://api.github.com/users/kabuto-k-aiit/gists{/gist_id}","starred_url":"https://api.github.com/users/kabuto-k-aiit/starred{/owner}{/repo}","subscriptions_url":"https://api.github.com/users/kabuto-k-aiit/subscriptions","organizations_url":"https://api.github.com/users/kabuto-k-aiit/orgs","repos_url":"https://api.github.com/users/kabuto-k-aiit/repos","events_url":"https://api.github.com/users/kabuto-k-aiit/events{/privacy}","received_events_url":"https://api.github.com/users/kabuto-k-aiit/received_events","type":"User","user_view_type":"private","site_admin":false,"name":null,"company":null,"blog":"","location":null,"email":null,"hireable":null,"bio":null,"twitter_username":null,"notification_email":null,"public_repos":8,"public_gists":0,"followers":0,"following":0,"created_at":"2025-05-31T06:47:36Z","updated_at":"2025-09-30T10:30:04Z","private_gists":13,"total_private_repos":1,"owned_private_repos":1,"disk_usage":1965,"collaborators":0,"two_factor_authentication":true,"plan":{"name":"pro","space":976562499,"collaborators":0,"private_repos":9999}}
[info] 
[info] ✔  Success! Logged into GitHub as kabuto-k-aiit 
[info] 
